have_library: checking for BIO_read() in -lcrypto... -------------------- yes

DYLD_LIBRARY_PATH=.:/Users/shrine-dragon3839/.rbenv/versions/4.0.0/lib LSAN_OPTIONS=detect_leaks=0 "clang -o conftest -I/Users/shrine-dragon3839/.rbenv/versions/4.0.0/include/ruby-4.0.0/x86_64-darwin23 -I/Users/shrine-dragon3839/.rbenv/versions/4.0.0/include/ruby-4.0.0/ruby/backward -I/Users/shrine-dragon3839/.rbenv/versions/4.0.0/include/ruby-4.0.0 -I. -I/usr/local/opt/openssl@3/include -D_XOPEN_SOURCE -D_DARWIN_C_SOURCE -D_DARWIN_UNLIMITED_SELECT -D_REENTRANT   -fstack-protector-strong -U_FORTIFY_SOURCE -D_FORTIFY_SOURCE=2 -fdeclspec  -O3 -fno-fast-math -ggdb3 -Wall -Wextra -Wextra-tokens -Wdeprecated-declarations -Wdivision-by-zero -Wdiv-by-zero -Wimplicit-function-declaration -Wimplicit-int -Wpointer-arith -Wshorten-64-to-32 -Wwrite-strings -Wold-style-definition -Wmissing-noreturn -Wno-constant-logical-operand -Wno-long-long -Wno-missing-field-initializers -Wno-overlength-strings -Wno-parentheses-equality -Wno-self-assign -Wno-tautological-compare -Wno-unused-parameter -Wno-unused-value -Wunused-variable -Wmisleading-indentation -Wundef  -fno-common -pipe conftest.c -L. -L/Users/shrine-dragon3839/.rbenv/versions/4.0.0/lib -L/usr/local/opt/openssl@3/lib -L. -fstack-protector-strong     -lruby.4.0  -lpthread  "
checked program was:
/* begin */
1: #include "ruby.h"
2: 
3: int main(int argc, char **argv)
4: {
5:   return !!argv[argc];
6: }
/* end */

DYLD_LIBRARY_PATH=.:/Users/shrine-dragon3839/.rbenv/versions/4.0.0/lib LSAN_OPTIONS=detect_leaks=0 "clang -o conftest -I/Users/shrine-dragon3839/.rbenv/versions/4.0.0/include/ruby-4.0.0/x86_64-darwin23 -I/Users/shrine-dragon3839/.rbenv/versions/4.0.0/include/ruby-4.0.0/ruby/backward -I/Users/shrine-dragon3839/.rbenv/versions/4.0.0/include/ruby-4.0.0 -I. -I/usr/local/opt/openssl@3/include -D_XOPEN_SOURCE -D_DARWIN_C_SOURCE -D_DARWIN_UNLIMITED_SELECT -D_REENTRANT   -fstack-protector-strong -U_FORTIFY_SOURCE -D_FORTIFY_SOURCE=2 -fdeclspec  -O3 -fno-fast-math -ggdb3 -Wall -Wextra -Wextra-tokens -Wdeprecated-declarations -Wdivision-by-zero -Wdiv-by-zero -Wimplicit-function-declaration -Wimplicit-int -Wpointer-arith -Wshorten-64-to-32 -Wwrite-strings -Wold-style-definition -Wmissing-noreturn -Wno-constant-logical-operand -Wno-long-long -Wno-missing-field-initializers -Wno-overlength-strings -Wno-parentheses-equality -Wno-self-assign -Wno-tautological-compare -Wno-unused-parameter -Wno-unused-value -Wunused-variable -Wmisleading-indentation -Wundef  -fno-common -pipe conftest.c -L. -L/Users/shrine-dragon3839/.rbenv/versions/4.0.0/lib -L/usr/local/opt/openssl@3/lib -L. -fstack-protector-strong     -lruby.4.0 -lcrypto  -lpthread  "
conftest.c:14:57: error: use of undeclared identifier 'BIO_read'
int t(void) { void ((*volatile p)()); p = (void ((*)()))BIO_read; return !p; }
                                                        ^
1 error generated.
checked program was:
/* begin */
 1: #include "ruby.h"
 2: 
 3: /*top*/
 4: extern int t(void);
 5: int main(int argc, char **argv)
 6: {
 7:   if (argc > 1000000) {
 8:     int (* volatile tp)(void)=(int (*)(void))&t;
 9:     printf("%d", (*tp)());
10:   }
11: 
12:   return !!argv[argc];
13: }
14: int t(void) { void ((*volatile p)()); p = (void ((*)()))BIO_read; return !p; }
/* end */

DYLD_LIBRARY_PATH=.:/Users/shrine-dragon3839/.rbenv/versions/4.0.0/lib LSAN_OPTIONS=detect_leaks=0 "clang -o conftest -I/Users/shrine-dragon3839/.rbenv/versions/4.0.0/include/ruby-4.0.0/x86_64-darwin23 -I/Users/shrine-dragon3839/.rbenv/versions/4.0.0/include/ruby-4.0.0/ruby/backward -I/Users/shrine-dragon3839/.rbenv/versions/4.0.0/include/ruby-4.0.0 -I. -I/usr/local/opt/openssl@3/include -D_XOPEN_SOURCE -D_DARWIN_C_SOURCE -D_DARWIN_UNLIMITED_SELECT -D_REENTRANT   -fstack-protector-strong -U_FORTIFY_SOURCE -D_FORTIFY_SOURCE=2 -fdeclspec  -O3 -fno-fast-math -ggdb3 -Wall -Wextra -Wextra-tokens -Wdeprecated-declarations -Wdivision-by-zero -Wdiv-by-zero -Wimplicit-function-declaration -Wimplicit-int -Wpointer-arith -Wshorten-64-to-32 -Wwrite-strings -Wold-style-definition -Wmissing-noreturn -Wno-constant-logical-operand -Wno-long-long -Wno-missing-field-initializers -Wno-overlength-strings -Wno-parentheses-equality -Wno-self-assign -Wno-tautological-compare -Wno-unused-parameter -Wno-unused-value -Wunused-variable -Wmisleading-indentation -Wundef  -fno-common -pipe conftest.c -L. -L/Users/shrine-dragon3839/.rbenv/versions/4.0.0/lib -L/usr/local/opt/openssl@3/lib -L. -fstack-protector-strong     -lruby.4.0 -lcrypto  -lpthread  "
ld: warning: dylib (/usr/local/opt/openssl@3/lib/libcrypto.dylib) was built for newer macOS version (14.0) than being linked (11.0)
checked program was:
/* begin */
 1: #include "ruby.h"
 2: 
 3: /*top*/
 4: extern int t(void);
 5: int main(int argc, char **argv)
 6: {
 7:   if (argc > 1000000) {
 8:     int (* volatile tp)(void)=(int (*)(void))&t;
 9:     printf("%d", (*tp)());
10:   }
11: 
12:   return !!argv[argc];
13: }
14: extern void BIO_read();
15: int t(void) { BIO_read(); return 0; }
/* end */

--------------------

have_library: checking for SSL_CTX_new() in -lssl... -------------------- yes

DYLD_LIBRARY_PATH=.:/Users/shrine-dragon3839/.rbenv/versions/4.0.0/lib LSAN_OPTIONS=detect_leaks=0 "clang -o conftest -I/Users/shrine-dragon3839/.rbenv/versions/4.0.0/include/ruby-4.0.0/x86_64-darwin23 -I/Users/shrine-dragon3839/.rbenv/versions/4.0.0/include/ruby-4.0.0/ruby/backward -I/Users/shrine-dragon3839/.rbenv/versions/4.0.0/include/ruby-4.0.0 -I. -I/usr/local/opt/openssl@3/include -D_XOPEN_SOURCE -D_DARWIN_C_SOURCE -D_DARWIN_UNLIMITED_SELECT -D_REENTRANT   -fstack-protector-strong -U_FORTIFY_SOURCE -D_FORTIFY_SOURCE=2 -fdeclspec  -O3 -fno-fast-math -ggdb3 -Wall -Wextra -Wextra-tokens -Wdeprecated-declarations -Wdivision-by-zero -Wdiv-by-zero -Wimplicit-function-declaration -Wimplicit-int -Wpointer-arith -Wshorten-64-to-32 -Wwrite-strings -Wold-style-definition -Wmissing-noreturn -Wno-constant-logical-operand -Wno-long-long -Wno-missing-field-initializers -Wno-overlength-strings -Wno-parentheses-equality -Wno-self-assign -Wno-tautological-compare -Wno-unused-parameter -Wno-unused-value -Wunused-variable -Wmisleading-indentation -Wundef  -fno-common -pipe conftest.c -L. -L/Users/shrine-dragon3839/.rbenv/versions/4.0.0/lib -L/usr/local/opt/openssl@3/lib -L. -fstack-protector-strong    -lcrypto  -lruby.4.0 -lssl -lcrypto  -lpthread  "
conftest.c:14:57: error: use of undeclared identifier 'SSL_CTX_new'
int t(void) { void ((*volatile p)()); p = (void ((*)()))SSL_CTX_new; return !p; }
                                                        ^
1 error generated.
checked program was:
/* begin */
 1: #include "ruby.h"
 2: 
 3: /*top*/
 4: extern int t(void);
 5: int main(int argc, char **argv)
 6: {
 7:   if (argc > 1000000) {
 8:     int (* volatile tp)(void)=(int (*)(void))&t;
 9:     printf("%d", (*tp)());
10:   }
11: 
12:   return !!argv[argc];
13: }
14: int t(void) { void ((*volatile p)()); p = (void ((*)()))SSL_CTX_new; return !p; }
/* end */

DYLD_LIBRARY_PATH=.:/Users/shrine-dragon3839/.rbenv/versions/4.0.0/lib LSAN_OPTIONS=detect_leaks=0 "clang -o conftest -I/Users/shrine-dragon3839/.rbenv/versions/4.0.0/include/ruby-4.0.0/x86_64-darwin23 -I/Users/shrine-dragon3839/.rbenv/versions/4.0.0/include/ruby-4.0.0/ruby/backward -I/Users/shrine-dragon3839/.rbenv/versions/4.0.0/include/ruby-4.0.0 -I. -I/usr/local/opt/openssl@3/include -D_XOPEN_SOURCE -D_DARWIN_C_SOURCE -D_DARWIN_UNLIMITED_SELECT -D_REENTRANT   -fstack-protector-strong -U_FORTIFY_SOURCE -D_FORTIFY_SOURCE=2 -fdeclspec  -O3 -fno-fast-math -ggdb3 -Wall -Wextra -Wextra-tokens -Wdeprecated-declarations -Wdivision-by-zero -Wdiv-by-zero -Wimplicit-function-declaration -Wimplicit-int -Wpointer-arith -Wshorten-64-to-32 -Wwrite-strings -Wold-style-definition -Wmissing-noreturn -Wno-constant-logical-operand -Wno-long-long -Wno-missing-field-initializers -Wno-overlength-strings -Wno-parentheses-equality -Wno-self-assign -Wno-tautological-compare -Wno-unused-parameter -Wno-unused-value -Wunused-variable -Wmisleading-indentation -Wundef  -fno-common -pipe conftest.c -L. -L/Users/shrine-dragon3839/.rbenv/versions/4.0.0/lib -L/usr/local/opt/openssl@3/lib -L. -fstack-protector-strong    -lcrypto  -lruby.4.0 -lssl -lcrypto  -lpthread  "
ld: warning: dylib (/usr/local/opt/openssl@3/lib/libcrypto.dylib) was built for newer macOS version (14.0) than being linked (11.0)
ld: warning: dylib (/usr/local/opt/openssl@3/lib/libssl.dylib) was built for newer macOS version (14.0) than being linked (11.0)
checked program was:
/* begin */
 1: #include "ruby.h"
 2: 
 3: /*top*/
 4: extern int t(void);
 5: int main(int argc, char **argv)
 6: {
 7:   if (argc > 1000000) {
 8:     int (* volatile tp)(void)=(int (*)(void))&t;
 9:     printf("%d", (*tp)());
10:   }
11: 
12:   return !!argv[argc];
13: }
14: extern void SSL_CTX_new();
15: int t(void) { SSL_CTX_new(); return 0; }
/* end */

--------------------

have_header: checking for openssl/bio.h... -------------------- yes

DYLD_LIBRARY_PATH=.:/Users/shrine-dragon3839/.rbenv/versions/4.0.0/lib LSAN_OPTIONS=detect_leaks=0 "clang -I/Users/shrine-dragon3839/.rbenv/versions/4.0.0/include/ruby-4.0.0/x86_64-darwin23 -I/Users/shrine-dragon3839/.rbenv/versions/4.0.0/include/ruby-4.0.0/ruby/backward -I/Users/shrine-dragon3839/.rbenv/versions/4.0.0/include/ruby-4.0.0 -I. -I/usr/local/opt/openssl@3/include -D_XOPEN_SOURCE -D_DARWIN_C_SOURCE -D_DARWIN_UNLIMITED_SELECT -D_REENTRANT   -fstack-protector-strong -U_FORTIFY_SOURCE -D_FORTIFY_SOURCE=2 -fdeclspec  -O3 -fno-fast-math -ggdb3 -Wall -Wextra -Wextra-tokens -Wdeprecated-declarations -Wdivision-by-zero -Wdiv-by-zero -Wimplicit-function-declaration -Wimplicit-int -Wpointer-arith -Wshorten-64-to-32 -Wwrite-strings -Wold-style-definition -Wmissing-noreturn -Wno-constant-logical-operand -Wno-long-long -Wno-missing-field-initializers -Wno-overlength-strings -Wno-parentheses-equality -Wno-self-assign -Wno-tautological-compare -Wno-unused-parameter -Wno-unused-value -Wunused-variable -Wmisleading-indentation -Wundef  -fno-common -pipe   -c conftest.c"
checked program was:
/* begin */
1: #include "ruby.h"
2: 
3: #include <openssl/bio.h>
/* end */

--------------------

